<?xml version="1.0" encoding="UTF-8"?>
<!-- Generated by org.testng.reporters.JUnitReportReporter -->
<testsuite hostname="Soms-MacBook-Pro.local" failures="0" tests="1" name="com.bishalkarki.Test.VerifyRegisterConfirmation" time="3.352" errors="0" timestamp="2025-10-19T18:29:48 EDT" skipped="0">
  <testcase classname="com.bishalkarki.Test.VerifyRegisterConfirmation" name="verifyRegistration" time="3.352"/>
</testsuite> <!-- com.bishalkarki.Test.VerifyRegisterConfirmation -->
